D:\학생방\김무열\김무열(C)\CAMERAPHONEEX02\CAMERAPHONEEX02\DEBUG\CAMERA.OBJ
D:\학생방\김무열\김무열(C)\CAMERAPHONEEX02\CAMERAPHONEEX02\DEBUG\CAMERAPHONEEX02.EXE.EMBED.MANIFEST
D:\학생방\김무열\김무열(C)\CAMERAPHONEEX02\CAMERAPHONEEX02\DEBUG\CAMERAPHONEEX02.EXE.EMBED.MANIFEST.RES
D:\학생방\김무열\김무열(C)\CAMERAPHONEEX02\CAMERAPHONEEX02\DEBUG\CAMERAPHONEEX02.EXE.INTERMEDIATE.MANIFEST
D:\학생방\김무열\김무열(C)\CameraPhoneEx02\CameraPhoneEx02\Debug\CameraPhoneEx02.vcxprojResolveAssemblyReference.cache
D:\학생방\김무열\김무열(C)\CameraPhoneEx02\CameraPhoneEx02\Debug\CameraPhoneEx02.write.1.tlog
D:\학생방\김무열\김무열(C)\CameraPhoneEx02\CameraPhoneEx02\Debug\CameraPhoneEx02_manifest.rc
D:\학생방\김무열\김무열(C)\CameraPhoneEx02\CameraPhoneEx02\Debug\cl.command.1.tlog
D:\학생방\김무열\김무열(C)\CameraPhoneEx02\CameraPhoneEx02\Debug\CL.read.1.tlog
D:\학생방\김무열\김무열(C)\CameraPhoneEx02\CameraPhoneEx02\Debug\CL.write.1.tlog
D:\학생방\김무열\김무열(C)\CameraPhoneEx02\CameraPhoneEx02\Debug\link.3140.read.1.tlog
D:\학생방\김무열\김무열(C)\CameraPhoneEx02\CameraPhoneEx02\Debug\link.3140.write.1.tlog
D:\학생방\김무열\김무열(C)\CameraPhoneEx02\CameraPhoneEx02\Debug\link.3140-cvtres.read.1.tlog
D:\학생방\김무열\김무열(C)\CameraPhoneEx02\CameraPhoneEx02\Debug\link.3140-cvtres.write.1.tlog
D:\학생방\김무열\김무열(C)\CameraPhoneEx02\CameraPhoneEx02\Debug\link.command.1.tlog
D:\학생방\김무열\김무열(C)\CameraPhoneEx02\CameraPhoneEx02\Debug\link.read.1.tlog
D:\학생방\김무열\김무열(C)\CameraPhoneEx02\CameraPhoneEx02\Debug\link.write.1.tlog
D:\학생방\김무열\김무열(C)\CameraPhoneEx02\CameraPhoneEx02\Debug\link-cvtres.read.1.tlog
D:\학생방\김무열\김무열(C)\CameraPhoneEx02\CameraPhoneEx02\Debug\link-cvtres.write.1.tlog
D:\학생방\김무열\김무열(C)\CAMERAPHONEEX02\CAMERAPHONEEX02\DEBUG\MAIN.OBJ
D:\학생방\김무열\김무열(C)\CameraPhoneEx02\CameraPhoneEx02\Debug\mt.command.1.tlog
D:\학생방\김무열\김무열(C)\CameraPhoneEx02\CameraPhoneEx02\Debug\mt.read.1.tlog
D:\학생방\김무열\김무열(C)\CameraPhoneEx02\CameraPhoneEx02\Debug\mt.write.1.tlog
D:\학생방\김무열\김무열(C)\CAMERAPHONEEX02\CAMERAPHONEEX02\DEBUG\PHONE.OBJ
D:\학생방\김무열\김무열(C)\CameraPhoneEx02\CameraPhoneEx02\Debug\rc.command.1.tlog
D:\학생방\김무열\김무열(C)\CameraPhoneEx02\CameraPhoneEx02\Debug\rc.read.1.tlog
D:\학생방\김무열\김무열(C)\CameraPhoneEx02\CameraPhoneEx02\Debug\rc.write.1.tlog
D:\학생방\김무열\김무열(C)\CameraPhoneEx02\CameraPhoneEx02\Debug\vc100.idb
D:\학생방\김무열\김무열(C)\CAMERAPHONEEX02\CAMERAPHONEEX02\DEBUG\VC100.PDB
D:\학생방\김무열\김무열(C)\CAMERAPHONEEX02\DEBUG\CAMERAPHONEEX02.EXE
D:\학생방\김무열\김무열(C)\CAMERAPHONEEX02\DEBUG\CAMERAPHONEEX02.ILK
D:\학생방\김무열\김무열(C)\CAMERAPHONEEX02\DEBUG\CAMERAPHONEEX02.PDB
