빌드 시작: 2014-03-18 오후 2:23:26
     1>2 노드의 "D:\학생방\장미진(C)\CH05\CH05\CH05.vcxproj" 프로젝트(build 대상)입니다.
     1>InitializeBuildStatus:
         "Debug\CH05.unsuccessfulbuild"에 연결(touching)하고 있습니다.
       ClCompile:
         모든 출력이 최신 상태입니다.
       ManifestResourceCompile:
         C:\Program Files (x86)\Microsoft SDKs\Windows\v7.0A\bin\rc.exe /nologo /fo"Debug\CH05.exe.embed.manifest.res" Debug\CH05_manifest.rc 
       Link:
         C:\Program Files (x86)\Microsoft Visual Studio 10.0\VC\bin\link.exe /ERRORREPORT:PROMPT /OUT:"D:\학생방\장미진(C)\CH05\Debug\CH05.exe" /INCREMENTAL /NOLOGO kernel32.lib user32.lib gdi32.lib winspool.lib comdlg32.lib advapi32.lib shell32.lib ole32.lib oleaut32.lib uuid.lib odbc32.lib odbccp32.lib /MANIFEST /ManifestFile:"Debug\CH05.exe.intermediate.manifest" /MANIFESTUAC:"level='asInvoker' uiAccess='false'" /DEBUG /PDB:"D:\학생방\장미진(C)\CH05\Debug\CH05.pdb" /SUBSYSTEM:CONSOLE /TLBID:1 /DYNAMICBASE /NXCOMPAT /IMPLIB:"D:\학생방\장미진(C)\CH05\Debug\CH05.lib" /MACHINE:X86 Debug\CH05.exe.embed.manifest.res
         Debug\ex01.obj
       Manifest:
         C:\Program Files (x86)\Microsoft SDKs\Windows\v7.0A\bin\mt.exe /nologo /verbose /out:"Debug\CH05.exe.embed.manifest" /manifest Debug\CH05.exe.intermediate.manifest
         C:\Program Files (x86)\Microsoft SDKs\Windows\v7.0A\bin\rc.exe /nologo /fo"Debug\CH05.exe.embed.manifest.res" Debug\CH05_manifest.rc 
       LinkEmbedManifest:
         C:\Program Files (x86)\Microsoft Visual Studio 10.0\VC\bin\link.exe /ERRORREPORT:PROMPT /OUT:"D:\학생방\장미진(C)\CH05\Debug\CH05.exe" /INCREMENTAL /NOLOGO kernel32.lib user32.lib gdi32.lib winspool.lib comdlg32.lib advapi32.lib shell32.lib ole32.lib oleaut32.lib uuid.lib odbc32.lib odbccp32.lib /MANIFEST /ManifestFile:"Debug\CH05.exe.intermediate.manifest" /MANIFESTUAC:"level='asInvoker' uiAccess='false'" /DEBUG /PDB:"D:\학생방\장미진(C)\CH05\Debug\CH05.pdb" /SUBSYSTEM:CONSOLE /TLBID:1 /DYNAMICBASE /NXCOMPAT /IMPLIB:"D:\학생방\장미진(C)\CH05\Debug\CH05.lib" /MACHINE:X86 Debug\CH05.exe.embed.manifest.res
         Debug\ex01.obj
         CH05.vcxproj -> D:\학생방\장미진(C)\CH05\Debug\CH05.exe
       FinalizeBuildStatus:
         "Debug\CH05.unsuccessfulbuild" 파일을 삭제하고 있습니다.
         "Debug\CH05.lastbuildstate"에 연결(touching)하고 있습니다.
     1>"D:\학생방\장미진(C)\CH05\CH05\CH05.vcxproj" 프로젝트를 빌드했습니다(build 대상).

빌드했습니다.

경과 시간: 00:00:00.70
