빌드 시작: 2014-04-09 오후 4:03:34
     1>2 노드의 "D:\학생방\김무열\김무열(C)\ExceptionEx04\ExceptionEx04\ExceptionEx04.vcxproj" 프로젝트(build 대상)입니다.
     1>InitializeBuildStatus:
         "AlwaysCreate"이(가) 지정되었기 때문에 "Debug\ExceptionEx04.unsuccessfulbuild"을(를) 만들고 있습니다.
       ClCompile:
         C:\Program Files (x86)\Microsoft Visual Studio 10.0\VC\bin\CL.exe /c /ZI /nologo /W3 /WX- /Od /Oy- /D WIN32 /D _DEBUG /D _CONSOLE /D _UNICODE /D UNICODE /Gm /EHsc /RTC1 /MDd /GS /fp:precise /Zc:wchar_t /Zc:forScope /Fo"Debug\\" /Fd"Debug\vc100.pdb" /Gd /TP /analyze- /errorReport:prompt exception06.cpp
         exception06.cpp
     1>d:\학생방\김무열\김무열(c)\exceptionex04\exceptionex04\exception06.cpp(31): warning C4101: 'exception' :참조되지 않은 지역 변수입니다.
       ManifestResourceCompile:
         모든 출력이 최신 상태입니다.
       Link:
         C:\Program Files (x86)\Microsoft Visual Studio 10.0\VC\bin\link.exe /ERRORREPORT:PROMPT /OUT:"D:\학생방\김무열\김무열(C)\ExceptionEx04\Debug\ExceptionEx04.exe" /INCREMENTAL /NOLOGO kernel32.lib user32.lib gdi32.lib winspool.lib comdlg32.lib advapi32.lib shell32.lib ole32.lib oleaut32.lib uuid.lib odbc32.lib odbccp32.lib /MANIFEST /ManifestFile:"Debug\ExceptionEx04.exe.intermediate.manifest" /MANIFESTUAC:"level='asInvoker' uiAccess='false'" /DEBUG /PDB:"D:\학생방\김무열\김무열(C)\ExceptionEx04\Debug\ExceptionEx04.pdb" /SUBSYSTEM:CONSOLE /TLBID:1 /DYNAMICBASE /NXCOMPAT /IMPLIB:"D:\학생방\김무열\김무열(C)\ExceptionEx04\Debug\ExceptionEx04.lib" /MACHINE:X86 Debug\ExceptionEx04.exe.embed.manifest.res
         Debug\exception06.obj
       Manifest:
         C:\Program Files (x86)\Microsoft SDKs\Windows\v7.0A\bin\mt.exe /nologo /verbose /out:"Debug\ExceptionEx04.exe.embed.manifest" /manifest Debug\ExceptionEx04.exe.intermediate.manifest
         모든 출력이 최신 상태입니다.
       LinkEmbedManifest:
         모든 출력이 최신 상태입니다.
         ExceptionEx04.vcxproj -> D:\학생방\김무열\김무열(C)\ExceptionEx04\Debug\ExceptionEx04.exe
       FinalizeBuildStatus:
         "Debug\ExceptionEx04.unsuccessfulbuild" 파일을 삭제하고 있습니다.
         "Debug\ExceptionEx04.lastbuildstate"에 연결(touching)하고 있습니다.
     1>"D:\학생방\김무열\김무열(C)\ExceptionEx04\ExceptionEx04\ExceptionEx04.vcxproj" 프로젝트를 빌드했습니다(build 대상).

빌드했습니다.

경과 시간: 00:00:00.60
