빌드 시작: 2014-03-24 오후 6:00:59
     1>2 노드의 "D:\학생방\김무열\김무열(C)\FunctionEx03\FunctionEx03\FunctionEx03.vcxproj" 프로젝트(build 대상)입니다.
     1>InitializeBuildStatus:
         "Debug\FunctionEx03.unsuccessfulbuild"에 연결(touching)하고 있습니다.
       ClCompile:
         모든 출력이 최신 상태입니다.
       ManifestResourceCompile:
         모든 출력이 최신 상태입니다.
       Link:
         C:\Program Files (x86)\Microsoft Visual Studio 10.0\VC\bin\link.exe /ERRORREPORT:PROMPT /OUT:"D:\학생방\김무열\김무열(C)\FunctionEx03\Debug\FunctionEx03.exe" /INCREMENTAL /NOLOGO kernel32.lib user32.lib gdi32.lib winspool.lib comdlg32.lib advapi32.lib shell32.lib ole32.lib oleaut32.lib uuid.lib odbc32.lib odbccp32.lib /MANIFEST /ManifestFile:"Debug\FunctionEx03.exe.intermediate.manifest" /MANIFESTUAC:"level='asInvoker' uiAccess='false'" /DEBUG /PDB:"D:\학생방\김무열\김무열(C)\FunctionEx03\Debug\FunctionEx03.pdb" /SUBSYSTEM:CONSOLE /TLBID:1 /DYNAMICBASE /NXCOMPAT /IMPLIB:"D:\학생방\김무열\김무열(C)\FunctionEx03\Debug\FunctionEx03.lib" /MACHINE:X86 Debug\FunctionEx03.exe.embed.manifest.res
         Debug\function04_1.obj
       Manifest:
         C:\Program Files (x86)\Microsoft SDKs\Windows\v7.0A\bin\mt.exe /nologo /verbose /out:"Debug\FunctionEx03.exe.embed.manifest" /manifest Debug\FunctionEx03.exe.intermediate.manifest
         모든 출력이 최신 상태입니다.
       LinkEmbedManifest:
         모든 출력이 최신 상태입니다.
         FunctionEx03.vcxproj -> D:\학생방\김무열\김무열(C)\FunctionEx03\Debug\FunctionEx03.exe
       FinalizeBuildStatus:
         "Debug\FunctionEx03.unsuccessfulbuild" 파일을 삭제하고 있습니다.
         "Debug\FunctionEx03.lastbuildstate"에 연결(touching)하고 있습니다.
     1>"D:\학생방\김무열\김무열(C)\FunctionEx03\FunctionEx03\FunctionEx03.vcxproj" 프로젝트를 빌드했습니다(build 대상).

빌드했습니다.

경과 시간: 00:00:00.26
